
----------------------------------------------------------------------------
--                            Design Analysis                             --
----------------------------------------------------------------------------
Analyze pcore plb_usb ...


----------------------------------------------------------------------------
--                            File Generation                             --
----------------------------------------------------------------------------
Creating HDL source directory ...
Generating top peripheral VHDL template ...
Generating stub user logic VHDL template ...
HDL templates successfully generated ...
Creating data directory ...
Generating XPS inteface files ...
Compiling vhdl file
"C:/EDK/hw/XilinxProcessorIPLib/pcores/proc_common_v1_00_b/hdl/vhdl/inferred_lut
4.vhd" in Library proc_common_v1_00_b.
Entity <inferred_lut4> compiled.
Entity <inferred_lut4> (Architecture <implementation>) compiled.
Compiling vhdl file
"C:/EDK/hw/XilinxProcessorIPLib/pcores/plb_ipif_v1_00_e/hdl/vhdl/pf_counter_bit.
vhd" in Library plb_ipif_v1_00_e.
Entity <pf_counter_bit> compiled.
Entity <pf_counter_bit> (Architecture <implementation>) compiled.
Compiling vhdl file
"C:/EDK/hw/XilinxProcessorIPLib/pcores/plb_ipif_v1_00_e/hdl/vhdl/pf_adder_bit.vh
d" in Library plb_ipif_v1_00_e.
Entity <pf_adder_bit> compiled.
Entity <pf_adder_bit> (Architecture <implementation>) compiled.
Compiling vhdl file
"C:/EDK/hw/XilinxProcessorIPLib/pcores/plb_ipif_v1_00_e/hdl/vhdl/pf_counter.vhd"
in Library plb_ipif_v1_00_e.
Entity <pf_counter> compiled.
Entity <pf_counter> (Architecture <implementation>) compiled.
Compiling vhdl file
"C:/EDK/hw/XilinxProcessorIPLib/pcores/plb_ipif_v1_00_e/hdl/vhdl/pf_occ_counter.
vhd" in Library plb_ipif_v1_00_e.
Entity <pf_occ_counter> compiled.
Entity <pf_occ_counter> (Architecture <implementation>) compiled.
Compiling vhdl file
"C:/EDK/hw/XilinxProcessorIPLib/pcores/proc_common_v1_00_b/hdl/vhdl/proc_common_
pkg.vhd" in Library proc_common_v1_00_b.
Package <proc_common_pkg> compiled.
Package body <proc_common_pkg> compiled.
Compiling vhdl file
"C:/EDK/hw/XilinxProcessorIPLib/pcores/proc_common_v1_00_b/hdl/vhdl/counter_bit.
vhd" in Library proc_common_v1_00_b.
Entity <counter_bit> compiled.
Entity <counter_bit> (Architecture <imp>) compiled.
Compiling vhdl file
"C:/EDK/hw/XilinxProcessorIPLib/pcores/proc_common_v1_00_b/hdl/vhdl/or_muxcy.vhd
" in Library proc_common_v1_00_b.
Entity <or_muxcy> compiled.
Entity <or_muxcy> (Architecture <implementation>) compiled.
Compiling vhdl file
"C:/EDK/hw/XilinxProcessorIPLib/pcores/plb_ipif_v1_00_e/hdl/vhdl/pf_occ_counter_
top.vhd" in Library plb_ipif_v1_00_e.
Entity <pf_occ_counter_top> compiled.
Entity <pf_occ_counter_top> (Architecture <implementation>) compiled.
Compiling vhdl file
"C:/EDK/hw/XilinxProcessorIPLib/pcores/plb_ipif_v1_00_e/hdl/vhdl/pf_counter_top.
vhd" in Library plb_ipif_v1_00_e.
Entity <pf_counter_top> compiled.
Entity <pf_counter_top> (Architecture <implementation>) compiled.
Compiling vhdl file
"C:/EDK/hw/XilinxProcessorIPLib/pcores/plb_ipif_v1_00_e/hdl/vhdl/pf_adder.vhd"
in Library plb_ipif_v1_00_e.
Entity <pf_adder> compiled.
Entity <pf_adder> (Architecture <implementation>) compiled.
Compiling vhdl file
"C:/EDK/hw/XilinxProcessorIPLib/pcores/plb_ipif_v1_00_e/hdl/vhdl/pf_dly1_mux.vhd
" in Library plb_ipif_v1_00_e.
Entity <pf_dly1_mux> compiled.
Entity <pf_dly1_mux> (Architecture <implementation>) compiled.
Compiling vhdl file
"C:/EDK/hw/XilinxProcessorIPLib/pcores/plb_ipif_v1_00_e/hdl/vhdl/flex_addr_cntr.
vhd" in Library plb_ipif_v1_00_e.
Entity <flex_addr_cntr> compiled.
Entity <flex_addr_cntr> (Architecture <implementation>) compiled.
Compiling vhdl file
"C:/EDK/hw/XilinxProcessorIPLib/pcores/proc_common_v1_00_b/hdl/vhdl/family.vhd"
in Library proc_common_v1_00_b.
Package <family> compiled.
Package body <family> compiled.
Compiling vhdl file
"C:/EDK/hw/XilinxProcessorIPLib/pcores/proc_common_v1_00_b/hdl/vhdl/or_gate.vhd"
in Library proc_common_v1_00_b.
Entity <or_gate> compiled.
Entity <or_gate> (Architecture <imp>) compiled.
Compiling vhdl file
"C:/EDK/hw/XilinxProcessorIPLib/pcores/proc_common_v1_00_b/hdl/vhdl/pselect.vhd"
in Library proc_common_v1_00_b.
Entity <pselect> compiled.
Entity <pselect> (Architecture <imp>) compiled.
Compiling vhdl file
"C:/EDK/hw/XilinxProcessorIPLib/pcores/proc_common_v1_00_b/hdl/vhdl/srl_fifo2.vh
d" in Library proc_common_v1_00_b.
Entity <srl_fifo2> compiled.
Entity <srl_fifo2> (Architecture <imp>) compiled.
Compiling vhdl file
"C:/EDK/hw/XilinxProcessorIPLib/pcores/proc_common_v1_00_b/hdl/vhdl/counter.vhd"
in Library proc_common_v1_00_b.
Entity <Counter> compiled.
Entity <Counter> (Architecture <imp>) compiled.
Compiling vhdl file
"C:/EDK/hw/XilinxProcessorIPLib/pcores/ipif_common_v1_00_b/hdl/vhdl/ipif_pkg.vhd
" in Library ipif_common_v1_00_b.
Package <ipif_pkg> compiled.
Package body <ipif_pkg> compiled.
Compiling vhdl file
"C:/EDK/hw/XilinxProcessorIPLib/pcores/plb_ipif_v1_00_e/hdl/vhdl/ipif_control_wr
.vhd" in Library plb_ipif_v1_00_e.
Entity <ipif_control_wr> compiled.
Entity <ipif_control_wr> (Architecture <implementation>) compiled.
Compiling vhdl file
"C:/EDK/hw/XilinxProcessorIPLib/pcores/plb_ipif_v1_00_e/hdl/vhdl/wrpfifo_dp_cntl
.vhd" in Library plb_ipif_v1_00_e.
Entity <wrpfifo_dp_cntl> compiled.
Entity <wrpfifo_dp_cntl> (Architecture <implementation>) compiled.
Compiling vhdl file
"C:/EDK/hw/XilinxProcessorIPLib/pcores/plb_ipif_v1_00_e/hdl/vhdl/pf_dpram_select
.vhd" in Library plb_ipif_v1_00_e.
Entity <pf_dpram_select> compiled.
Entity <pf_dpram_select> (Architecture <implementation>) compiled.
Compiling vhdl file
"C:/EDK/hw/XilinxProcessorIPLib/pcores/plb_ipif_v1_00_e/hdl/vhdl/srl16_fifo.vhd"
in Library plb_ipif_v1_00_e.
Entity <srl16_fifo> compiled.
Entity <srl16_fifo> (Architecture <implementation>) compiled.
Compiling vhdl file
"C:/EDK/hw/XilinxProcessorIPLib/pcores/plb_ipif_v1_00_e/hdl/vhdl/ipif_control_rd
.vhd" in Library plb_ipif_v1_00_e.
Entity <ipif_control_rd> compiled.
Entity <ipif_control_rd> (Architecture <implementation>) compiled.
Compiling vhdl file
"C:/EDK/hw/XilinxProcessorIPLib/pcores/plb_ipif_v1_00_e/hdl/vhdl/rdpfifo_dp_cntl
.vhd" in Library plb_ipif_v1_00_e.
Entity <rdpfifo_dp_cntl> compiled.
Entity <rdpfifo_dp_cntl> (Architecture <implementation>) compiled.
Compiling vhdl file
"C:/EDK/hw/XilinxProcessorIPLib/pcores/ipif_common_v1_00_b/hdl/vhdl/ipif_steer.v
hd" in Library ipif_common_v1_00_b.
Entity <IPIF_Steer> compiled.
Entity <IPIF_Steer> (Architecture <IMP>) compiled.
Compiling vhdl file
"C:/EDK/hw/XilinxProcessorIPLib/pcores/plb_ipif_v1_00_e/hdl/vhdl/plb_address_dec
oder.vhd" in Library plb_ipif_v1_00_e.
Entity <plb_address_decoder> compiled.
Entity <plb_address_decoder> (Architecture <IMP>) compiled.
Compiling vhdl file
"C:/EDK/hw/XilinxProcessorIPLib/pcores/plb_ipif_v1_00_e/hdl/vhdl/burst_support.v
hd" in Library plb_ipif_v1_00_e.
Entity <burst_support> compiled.
Entity <burst_support> (Architecture <implementation>) compiled.
Compiling vhdl file
"C:/EDK/hw/XilinxProcessorIPLib/pcores/plb_ipif_v1_00_e/hdl/vhdl/addr_reg_cntr_b
rst_flex.vhd" in Library plb_ipif_v1_00_e.
Entity <addr_reg_cntr_brst_flex> compiled.
Entity <addr_reg_cntr_brst_flex> (Architecture <implementation>) compiled.
Compiling vhdl file
"C:/EDK/hw/XilinxProcessorIPLib/pcores/plb_ipif_v1_00_e/hdl/vhdl/plb_slave_attac
hment_indet.vhd" in Library plb_ipif_v1_00_e.
Entity <plb_slave_attachment_indet> compiled.
Entity <plb_slave_attachment_indet> (Architecture <implementation>) compiled.
Compiling vhdl file
"C:/EDK/hw/XilinxProcessorIPLib/pcores/plb_ipif_v1_00_e/hdl/vhdl/plb_ipif_reset.
vhd" in Library plb_ipif_v1_00_e.
Entity <plb_ipif_reset> compiled.
Entity <plb_ipif_reset> (Architecture <implementation>) compiled.
Compiling vhdl file
"C:/EDK/hw/XilinxProcessorIPLib/pcores/plb_ipif_v1_00_e/hdl/vhdl/plb_interrupt_c
ontrol.vhd" in Library plb_ipif_v1_00_e.
Entity <plb_interrupt_control> compiled.
Entity <plb_interrupt_control> (Architecture <implementation>) compiled.
Compiling vhdl file
"C:/EDK/hw/XilinxProcessorIPLib/pcores/plb_ipif_v1_00_e/hdl/vhdl/plb_sesr_sear.v
hd" in Library plb_ipif_v1_00_e.
Entity <plb_sesr_sear> compiled.
Entity <plb_sesr_sear> (Architecture <implementation>) compiled.
Compiling vhdl file
"C:/EDK/hw/XilinxProcessorIPLib/pcores/plb_ipif_v1_00_e/hdl/vhdl/rdpfifo_top.vhd
" in Library plb_ipif_v1_00_e.
Entity <rdpfifo_top> compiled.
Entity <rdpfifo_top> (Architecture <implementation>) compiled.
Compiling vhdl file
"C:/EDK/hw/XilinxProcessorIPLib/pcores/plb_ipif_v1_00_e/hdl/vhdl/wrpfifo_top.vhd
" in Library plb_ipif_v1_00_e.
Entity <wrpfifo_top> compiled.
Entity <wrpfifo_top> (Architecture <implementation>) compiled.
Compiling vhdl file
"C:/EDK/hw/XilinxProcessorIPLib/pcores/plb_ipif_v1_00_e/hdl/vhdl/plb_ipif.vhd"
in Library plb_ipif_v1_00_e.
Entity <plb_ipif> compiled.
Entity <plb_ipif> (Architecture <implementation>) compiled.
Compiling vhdl file
"C:/Projects/EDK/Helios_1B_Demo_plb_usb/pcores/plb_usb_v1_00_a/data/../hdl/vhdl/
user_logic.vhd" in Library plb_usb_v1_00_a.
Entity <user_logic> compiled.
Entity <user_logic> (Architecture <IMP>) compiled.
Compiling vhdl file
"C:/Projects/EDK/Helios_1B_Demo_plb_usb/pcores/plb_usb_v1_00_a/data/../hdl/vhdl/
plb_usb.vhd" in Library plb_usb_v1_00_a.
Entity <plb_usb> compiled.
Entity <plb_usb> (Architecture <IMP>) compiled.


Analyzing HDL attributes ...
INFO:MDT - IPTYPE set to value : PERIPHERAL
INFO:MDT - IMP_NETLIST set to value : TRUE
INFO:MDT - HDL set to value : VHDL
XPS interface files successfully generated ...
Creating development directory ...
Generating command option file ...
Generating readme file ...
Development misc files successfully generated ...
Creating projnav directory ...
Generating ProjNav support files ...
ProjNav support files successfully generated ...
Creating synthesis directory ...
Generating XST synthesis support files ...
XST synthesis support files successfully generated ...
No BFM simulation files will be generated at this time ...
Creating software driver data directory ...
Generating software driver XPS interface (mdd/tcl) files ...
Software driver data definition file (.mdd) successfully generated ...
Software driver data generation file (.tcl) successfully generated ...
Creating software driver src directory ...
Generating software driver template files ...
Software driver compile file (Makefile) successfully generated ...
output user slave register(s) offset to software driver header ...
Software driver header file (.h) successfully generated ...
Software driver source file (.c) successfully generated ...
Software driver SelfTest file (.c) successfully generated ...
Software driver template files successfully generated ...

----------------------------------------------------------------------------
--                              Final Report                              --
----------------------------------------------------------------------------
Thank you for using Create and Import Peripheral Wizard!

Peripheral summary

  top name       : plb_usb
  version        : 1.00.a
  type           : PLB slave
  features       : slave attachement

Address Block Summary

  user logic slv : C_BASEADDR + 0x00000000
                 : C_BASEADDR + 0x000000FF

File Summary

  - HDL source -
  C:\Projects\EDK\Helios_1B_Demo_plb_usb/pcores/plb_usb_v1_00_a/hdl
  top entity     : vhdl/plb_usb.vhd
  user logic     : vhdl/user_logic.vhd

  - XPS interface -
  C:\Projects\EDK\Helios_1B_Demo_plb_usb/pcores/plb_usb_v1_00_a/data
  mpd            : plb_usb_v2_1_0.mpd
  pao            : plb_usb_v2_1_0.pao

  - ISE project -
  C:\Projects\EDK\Helios_1B_Demo_plb_usb/pcores/plb_usb_v1_00_a/devl/projnav
  ise project    : plb_usb.npl
  cli command    : plb_usb.cli


  - XST synthesis -
  C:\Projects\EDK\Helios_1B_Demo_plb_usb/pcores/plb_usb_v1_00_a/devl/synthesis
  xst script     : plb_usb_xst.scr
  xst project    : plb_usb_xst.prj

  - Misc file -
  C:\Projects\EDK\Helios_1B_Demo_plb_usb/pcores/plb_usb_v1_00_a/devl
  help           : README.txt
  option         : ipwiz.opt
  log            : ipwiz.log

  - Driver source -
  C:\Projects\EDK\Helios_1B_Demo_plb_usb/drivers/plb_usb_v1_00_a/src
  makefile       : Makefile
  header         : plb_usb.h
  source         : plb_usb.c
  selftest       : plb_usb_selftest.c

  - Driver interface -
  C:\Projects\EDK\Helios_1B_Demo_plb_usb/drivers/plb_usb_v1_00_a/data
  mdd            : plb_usb_v2_1_0.mdd
  tcl            : plb_usb_v2_1_0.tcl


